--------------------------------------------------------------------------------
Debut gbak.sh
Wed May 24 03:00:00 EDT 2000
Login       Name               TTY         Idle    When    Where
root     Super-User            console     9:26 Tue 16:23  :0                  
Filesystem            kbytes    used   avail capacity  Mounted on
/dev/md/dsk/d4       6629705 1744006 4819402    27%    /
/proc                      0       0       0     0%    /proc
fd                         0       0       0     0%    /dev/fd
swap                 2892272     416 2891856     1%    /tmp
/dev/dsk/c2t5d0s0    60675261 5211044 54857465     9%    /gra
Sun Microsystems Inc.	SunOS 5.6	Generic	August 1997
IBMGR> IBMGR> IBMGR> IBMGR> copies de securite
Wed May 24 03:00:00 EDT 2000
Wed May 24 03:01:04 EDT 2000
Wed May 24 03:03:07 EDT 2000
Sun Microsystems Inc.	SunOS 5.6	Generic	August 1997
IBMGR> IBMGR> IBMGR> IBMGR> gbak -g -b ...
Wed May 24 03:03:09 EDT 2000
Wed May 24 03:06:54 EDT 2000
Wed May 24 03:07:08 EDT 2000
gbak -c -r ...
Wed May 24 03:08:30 EDT 2000
Wed May 24 03:30:43 EDT 2000
Wed May 24 03:31:39 EDT 2000
Wed May 24 03:39:02 EDT 2000
rm et chmod ...
Sun Microsystems Inc.	SunOS 5.6	Generic	August 1997
IBMGR> IBMGR> IBMGR> IBMGR> Sun Microsystems Inc.	SunOS 5.6	Generic	August 1997
IBMGR> IBMGR> IBMGR> IBMGR> redemarrage de bti ...
    root 14206 14202  0 03:39:04 ?        0:00 quick auto=gs101 procloc=/gra/pro_appl/bti/exf term=vt220
    root 14204 14052  0 03:39:04 ?        0:00 grep qu
    root 14207 14052  0 03:39:04 ?        0:00 grep qt
interbas 14167     1  0 03:39:02 ?        0:00 /usr/interbase/bin/ibguard -f
interbas 14168 14167  0 03:39:02 ?        0:00 /usr/interbase/bin/ibserver
  daemon   198     1  0 12:21:04 ?        0:00 /usr/lib/nfs/statd
    root   215     1  0 12:21:04 ?        0:00 /usr/lib/autofs/automountd
    root   401     1  0 12:22:57 ?        0:00 /usr/lib/saf/sac -t 300
    root   200     1  0 12:21:04 ?        0:00 /usr/lib/nfs/lockd
    root   402     1  0 12:22:57 console  0:00 /usr/lib/saf/ttymon -g -h -p topaz console login:  -T sun -d /dev/console -l co
    root   244     1  0 12:21:07 ?        0:00 /usr/lib/lpsched
    root   307     1  0 12:22:39 ?        0:00 /usr/lib/osa/bin/rdaemon 25 155
    root   296     1  0 12:22:39 ?        0:00 /usr/lib/osa/bin/arraymon
    root   264     1  0 12:21:11 ?        0:00 /usr/lib/utmpd
    root   285     1  0 12:22:14 ?        0:00 /usr/lib/sendmail -bd -q15m
    root   317   307  0 12:22:40 ?        0:00 /usr/lib/osa/bin/rdaemon 25 155
    root   390     1  0 12:22:56 ?        0:00 /usr/lib/dmi/snmpXdmid -s topaz
  daemon   335     1  0 12:22:49 ?        0:00 /usr/lib/ab2/dweb/sunos5/bin/dwhttpd /usr/lib/ab2/dweb/data
  daemon   336   335  0 12:22:49 ?        0:00 /usr/lib/ab2/dweb/sunos5/bin/dwhttpd /usr/lib/ab2/dweb/data
    root   370     1  0 12:22:52 ?        0:00 /usr/lib/nfs/nfsd -a 16
    root   368     1  0 12:22:51 ?        0:00 /usr/lib/nfs/mountd
    root   405   378  0 12:22:59 ?        0:00 mibiisa -p 32789
    root   378     1  0 12:22:53 ?        0:00 /usr/lib/snmp/snmpdx -y -c /etc/snmp/conf
    root   404   401  0 12:22:59 ?        0:00 /usr/lib/saf/ttymon
    root   389     1  0 12:22:55 ?        0:00 /usr/lib/dmi/dmispd
interbas 14167     1  0 03:39:02 ?        0:00 /usr/interbase/bin/ibguard -f
interbas 14168 14167  0 03:39:02 ?        0:00 /usr/interbase/bin/ibserver
    root 14211 14052  0 03:39:04 ?        0:00 grep ib
    root 13776     1  0 02:03:34 ?        0:00 /usr/lib/osa/bin/parityck -aqf
Filesystem            kbytes    used   avail capacity  Mounted on
/dev/md/dsk/d4       6629705 1744006 4819402    27%    /
/proc                      0       0       0     0%    /proc
fd                         0       0       0     0%    /dev/fd
swap                 2893352     424 2892928     1%    /tmp
/dev/dsk/c2t5d0s0    60675261 5338244 54730265     9%    /gra
Login       Name               TTY         Idle    When    Where
root     Super-User            console      10: Tue 16:23  :0                  
Wed May 24 03:39:04 EDT 2000
Fin gbak.sh
--------------------------------------------------------------------------------
Debut gbak.sh
Thu May 25 03:00:00 EDT 2000
Login       Name               TTY         Idle    When    Where
root     Super-User            console      14: Tue 16:23  :0                  
Filesystem            kbytes    used   avail capacity  Mounted on
/dev/md/dsk/d4       6629705 1744226 4819182    27%    /
/proc                      0       0       0     0%    /proc
fd                         0       0       0     0%    /dev/fd
swap                 2891952     416 2891536     1%    /tmp
/dev/dsk/c2t5d0s0    60675261 4739104 55329405     8%    /gra
Sun Microsystems Inc.	SunOS 5.6	Generic	August 1997
IBMGR> IBMGR> IBMGR> IBMGR> copies de securite
Thu May 25 03:00:00 EDT 2000
Thu May 25 03:00:56 EDT 2000
Thu May 25 03:02:42 EDT 2000
Sun Microsystems Inc.	SunOS 5.6	Generic	August 1997
IBMGR> IBMGR> IBMGR> IBMGR> gbak -g -b ...
Thu May 25 03:02:45 EDT 2000
Thu May 25 03:06:34 EDT 2000
Thu May 25 03:06:47 EDT 2000
gbak -c -r ...
Thu May 25 03:08:12 EDT 2000
Thu May 25 03:30:20 EDT 2000
Thu May 25 03:31:15 EDT 2000
Thu May 25 03:38:34 EDT 2000
rm et chmod ...
Sun Microsystems Inc.	SunOS 5.6	Generic	August 1997
IBMGR> IBMGR> IBMGR> IBMGR> Sun Microsystems Inc.	SunOS 5.6	Generic	August 1997
IBMGR> IBMGR> IBMGR> IBMGR> redemarrage de bti ...
    root 12652 12527  0 03:38:36 ?        0:00 grep qu
    root 12654 12527  0 03:38:36 ?        0:00 grep qt
interbas 12615     1  0 03:38:34 ?        0:00 /usr/interbase/bin/ibguard -f
    root 12656 12527  0 03:38:36 ?        0:00 grep int
interbas 12616 12615  0 03:38:34 ?        0:00 /usr/interbase/bin/ibserver
  daemon   198     1  0   May 23 ?        0:00 /usr/lib/nfs/statd
    root   215     1  0   May 23 ?        0:00 /usr/lib/autofs/automountd
    root   401     1  0   May 23 ?        0:00 /usr/lib/saf/sac -t 300
    root   200     1  0   May 23 ?        0:00 /usr/lib/nfs/lockd
    root   402     1  0   May 23 console  0:00 /usr/lib/saf/ttymon -g -h -p topaz console login:  -T sun -d /dev/console -l co
    root   244     1  0   May 23 ?        0:00 /usr/lib/lpsched
    root   307     1  0   May 23 ?        0:00 /usr/lib/osa/bin/rdaemon 25 155
    root   296     1  0   May 23 ?        0:00 /usr/lib/osa/bin/arraymon
    root   264     1  0   May 23 ?        0:00 /usr/lib/utmpd
    root   285     1  0   May 23 ?        0:00 /usr/lib/sendmail -bd -q15m
    root   317   307  0   May 23 ?        0:00 /usr/lib/osa/bin/rdaemon 25 155
    root   390     1  0   May 23 ?        0:00 /usr/lib/dmi/snmpXdmid -s topaz
  daemon   335     1  0   May 23 ?        0:00 /usr/lib/ab2/dweb/sunos5/bin/dwhttpd /usr/lib/ab2/dweb/data
  daemon   336   335  0   May 23 ?        0:00 /usr/lib/ab2/dweb/sunos5/bin/dwhttpd /usr/lib/ab2/dweb/data
    root   370     1  0   May 23 ?        0:00 /usr/lib/nfs/nfsd -a 16
    root   368     1  0   May 23 ?        0:00 /usr/lib/nfs/mountd
    root   405   378  0   May 23 ?        0:00 mibiisa -p 32789
    root   378     1  0   May 23 ?        0:00 /usr/lib/snmp/snmpdx -y -c /etc/snmp/conf
    root   404   401  0   May 23 ?        0:00 /usr/lib/saf/ttymon
    root   389     1  0   May 23 ?        0:00 /usr/lib/dmi/dmispd
interbas 12615     1  0 03:38:34 ?        0:00 /usr/interbase/bin/ibguard -f
    root 12286     1  0 02:03:40 ?        0:00 /usr/lib/osa/bin/parityck -aqf
interbas 12616 12615  0 03:38:34 ?        0:00 /usr/interbase/bin/ibserver
    root 12658 12527  0 03:38:36 ?        0:00 grep ib
Filesystem            kbytes    used   avail capacity  Mounted on
/dev/md/dsk/d4       6629705 1744226 4819182    27%    /
/proc                      0       0       0     0%    /proc
fd                         0       0       0     0%    /dev/fd
swap                 2895968     416 2895552     1%    /tmp
/dev/dsk/c2t5d0s0    60675261 4857000 55211509     9%    /gra
Login       Name               TTY         Idle    When    Where
root     Super-User            console      15: Tue 16:23  :0                  
Thu May 25 03:38:36 EDT 2000
Fin gbak.sh
--------------------------------------------------------------------------------
Debut gbak.sh
Fri May 26 03:00:00 EDT 2000
Login       Name               TTY         Idle    When    Where
root     Super-User            console      19: Tue 16:23  :0                  
Filesystem            kbytes    used   avail capacity  Mounted on
/dev/md/dsk/d4       6629705 1744547 4818861    27%    /
/proc                      0       0       0     0%    /proc
fd                         0       0       0     0%    /dev/fd
swap                 2886960     424 2886536     1%    /tmp
/dev/dsk/c2t5d0s0    60675261 4815675 55252834     9%    /gra
Sun Microsystems Inc.	SunOS 5.6	Generic	August 1997
IBMGR> IBMGR> IBMGR> IBMGR> copies de securite
Fri May 26 03:00:00 EDT 2000
Fri May 26 03:00:54 EDT 2000
Fri May 26 03:02:56 EDT 2000
Sun Microsystems Inc.	SunOS 5.6	Generic	August 1997
IBMGR> IBMGR> IBMGR> IBMGR> gbak -g -b ...
Fri May 26 03:02:58 EDT 2000
Fri May 26 03:06:42 EDT 2000
Fri May 26 03:06:55 EDT 2000
gbak -c -r ...
Fri May 26 03:08:19 EDT 2000
Fri May 26 03:30:31 EDT 2000
Fri May 26 03:31:27 EDT 2000
Fri May 26 03:41:09 EDT 2000
rm et chmod ...
Sun Microsystems Inc.	SunOS 5.6	Generic	August 1997
IBMGR> IBMGR> IBMGR> IBMGR> Sun Microsystems Inc.	SunOS 5.6	Generic	August 1997
IBMGR> IBMGR> IBMGR> IBMGR> redemarrage de bti ...
Filesystem            kbytes    used   avail capacity  Mounted on
/dev/md/dsk/d4       6629705 1744555 4818853    27%    /
/proc                      0       0       0     0%    /proc
fd                         0       0       0     0%    /dev/fd
swap                 2890960     424 2890536     1%    /tmp
/dev/dsk/c2t5d0s0    60675261 4942747 55125762     9%    /gra
Login       Name               TTY         Idle    When    Where
root     Super-User            console      19: Tue 16:23  :0                  
Fri May 26 03:41:11 EDT 2000
Fin gbak.sh
