--------------------------------------------------------------------------------
Debut de la job pd888 *** Rapport de planification ***
Fri Dec  6 20:00:10 EST 2002
                           Prosig informatique inc.

                          Téléphone..: (418) 656-1144
                          Télécopieur: (418) 656-6077

                      ************************************
                      * Module |  Version   |    Date    *
                      *--------|------------|------------*
                      *   CP   |  V3.  .    |  96/04/17  *
                      *   CR   |  V3.  .    |  96/04/17  *
                      *   GL   |  V3.  .    |  96/04/17  *
                      *   GP   |  V3.  .    |  96/04/17  *
                      *   GS   |  V3.  .    |  96/04/17  *
                      *   MC   |  V3.  .    |  96/04/17  *
                      ************************************

#3             PGL PRODUCTION 
#4             PGL PRODUCTION 
Q T P   (PowerHouse  8.13.D)
Copyright 1998 COGNOS INCORPORATED
Licensed PH8-TEMPORARY for customer: 0712570002 COGNOS HU DEMO

Warning: Temporary licensing of PowerHouse Server products expires 15-DEC-2002.
Please contact your local Sales Administration office for a permanent license.

> 
> execute pd888t
02/12/06    20:00    newdict                                          PAGE   1

Run:     pd888t
Request: R_PDDIAGRAMME


Executing request R_PDDIAGRAMME ...

Compagnie.....:: 2000
Compagnie.....:: 

The whole file will be chosen.

Records read:
  PDDIAGRAMME                         94,574

Transactions processed:               94,574

Records processed:                     Added    Updated  Unchanged    Deleted
  WPDDIAGRAMME                        94,574          0          0          0

02/12/06    20:00    newdict                                          PAGE   1

Run:     pd888t
Request: R_PDCOMMAN_INTERNE


Executing request R_PDCOMMAN_INTERNE ...

Compagnie.....:: 2000
Compagnie.....:: 

The whole file will be chosen.

The whole file will be chosen.

Records read:
  PDCOMMAN_INTERNE                     3,966

Transactions processed:                  203

Records processed:                     Added    Updated  Unchanged    Deleted
  WPDCOMMAN_INTERNE                      203          0          0          0

02/12/06    20:00    newdict                                          PAGE   1

Run:     pd888t
Request: R_QTE_CMDE


Executing request R_QTE_CMDE ...

Compagnie.....:: 2000
Compagnie.....:: 

The whole file will be chosen.

The whole file will be chosen.

Records read:
  PDPRIORITE_DIAG                    137,591
  WPDDIAGRAMME                       137,423
  WPDCOMMAN_INTERNE                    6,123

Transactions processed:                6,123

Records processed:                     Added    Updated  Unchanged    Deleted
  WPD888_625Z                            103          0          0          0

Finished.
> EXIT
Q U T I L   (PowerHouse  8.13.D)
Copyright 1998 COGNOS INCORPORATED

> create file pdparam_tmp
Definition from record PDPARAM_TMP is used to create file PDPARAM_TMP.
Create for Unix file PDPARAM_TMP completed.
Q T P   (PowerHouse  8.13.D)
Copyright 1998 COGNOS INCORPORATED
Licensed PH8-TEMPORARY for customer: 0712570002 COGNOS HU DEMO

Warning: Temporary licensing of PowerHouse Server products expires 15-DEC-2002.
Please contact your local Sales Administration office for a permanent license.

> 
> exec pd640t
02/12/06    20:01    newdict                                          PAGE   1

Run:     pd640t
Request: EPURATUON


Executing request EPURATUON ...

Records read:
  PDTEMPO_SCIAGE                       6,120

Transactions processed:                6,120

Records processed:                     Added    Updated  Unchanged    Deleted
  PDTEMPO_SCIAGE                           0          0          0      6,120

02/12/06    20:02    newdict                                          PAGE   1

Run:     pd640t
Request: CONSERVER_COMMANDE_DIAG


Executing request CONSERVER_COMMANDE_DIAG ...

Compagnie.....:: 2000
Compagnie.....:: 

The whole file will be chosen.

The whole file will be chosen.

Records read:
  VCOMDIAPDG                         137,562

Transactions processed:                6,123

Records processed:                     Added    Updated  Unchanged    Deleted
  W1_VCOMDIAPDG                           40          0          0          0
  W2_VCOMDIAPDG                        6,123          0          0          0

02/12/06    20:02    newdict                                          PAGE   1

Run:     pd640t
Request: RECHERCHE_DIAGRAMME


Executing request RECHERCHE_DIAGRAMME ...

Records read:
  W1_VCOMDIAPDG                           40
  PDCOMMAN_INTERNE                        40
  PDDIAGRAMME                          3,704
  PDPRIORITE_DIAG                      6,123
  W2_VCOMDIAPDG                        6,123
  PDUNI_TRAV_DIA                      12,617
  PDUNITE_TRAVAIL                     10,295
  VDIAQTE                             12,919

Transactions processed:               12,919

Records processed:                     Added    Updated  Unchanged    Deleted
  PDTEMPO_SCIAGE                       6,123          0          0          0

02/12/06    20:04    newdict                                          PAGE   1

Run:     pd640t
Request: PARAMETRE


Executing request PARAMETRE ...

Records read:
  PDTEMPO_SCIAGE                       6,123

Transactions processed:                6,123

Records processed:                     Added    Updated  Unchanged    Deleted
  PDPARAM_TMP                          3,704          0          0          0

Finished.
> EXIT
[2J[H)0[;f[JQUICK session completed.
Q U I Z   (PowerHouse  8.13.D)
Copyright 1998 COGNOS INCORPORATED
Licensed PH8-TEMPORARY for customer: 0712570002 COGNOS HU DEMO

Warning: Temporary licensing of PowerHouse Server products expires 15-DEC-2002.
Please contact your local Sales Administration office for a permanent license.

> 
> exec pd889z

Records selected:  6117
Records sorted:    6117
Records written:   102

> EXIT
Q U T I L   (PowerHouse  8.13.D)
Copyright 1998 COGNOS INCORPORATED

> create file pdparam_tmp
Unix file PDPARAM_TMP
Already exists. OK to delete?
Delete for Unix file PDPARAM_TMP completed.
Definition from record PDPARAM_TMP is used to create file PDPARAM_TMP.
Create for Unix file PDPARAM_TMP completed.
Q T P   (PowerHouse  8.13.D)
Copyright 1998 COGNOS INCORPORATED
Licensed PH8-TEMPORARY for customer: 0712570002 COGNOS HU DEMO

Warning: Temporary licensing of PowerHouse Server products expires 15-DEC-2002.
Please contact your local Sales Administration office for a permanent license.

> 
> exec pd656t
02/12/06    20:05    newdict                                          PAGE   1

Run:     pd656t
Request: EPURATUON


Executing request EPURATUON ...

Records read:
  PDTEMPO_EMBAL                          982

Transactions processed:                  982

Records processed:                     Added    Updated  Unchanged    Deleted
  PDTEMPO_EMBAL                            0          0          0        982

02/12/06    20:05    newdict                                          PAGE   1

Run:     pd656t
Request: CONSERVER_COMMANDE_DIAG


Executing request CONSERVER_COMMANDE_DIAG ...

Compagnie.....:: 2000
Compagnie.....:: 

The whole file will be chosen.

The whole file will be chosen.

The whole file will be chosen.

The whole file will be chosen.
-------------------------------------------------------------------------------
The permanent subfile will be overwritten.
   File:  w1_vcomdiapdg
-------------------------------------------------------------------------------
The permanent subfile will be overwritten.
   File:  w2_vcomdiapdg
-------------------------------------------------------------------------------

Records read:
  VCOMDIAPDG                         137,562

Transactions processed:                6,123

Records processed:                     Added    Updated  Unchanged    Deleted
  W1_VCOMDIAPDG                           40          0          0          0
  W2_VCOMDIAPDG                        6,123          0          0          0

02/12/06    20:06    newdict                                          PAGE   1

Run:     pd656t
Request: RECHERCHE_DIAGRAMME


Executing request RECHERCHE_DIAGRAMME ...

Records read:
  W1_VCOMDIAPDG                           40
  PDCOMMAN_INTERNE                        40
  PDDIAGRAMME                          3,704
  PDPRIORITE_DIAG                      6,123
  W2_VCOMDIAPDG                        6,123
  PDUNI_TRAV_DIA                      12,617
  PDUNITE_TRAVAIL                     10,295
  VDIAQTE                             12,919

Transactions processed:               12,919

Records processed:                     Added    Updated  Unchanged    Deleted
  PDTEMPO_EMBAL                        6,123          0          0          0

02/12/06    20:08    newdict                                          PAGE   1

Run:     pd656t
Request: PARAMETRE


Executing request PARAMETRE ...

Records read:
  PDTEMPO_EMBAL                        6,123

Transactions processed:                6,123

Records processed:                     Added    Updated  Unchanged    Deleted
  PDPARAM_TMP                          3,704          0          0          0

Finished.
> EXIT
[2J[H)0[;f[JQUICK session completed.
Q U I Z   (PowerHouse  8.13.D)
Copyright 1998 COGNOS INCORPORATED
Licensed PH8-TEMPORARY for customer: 0712570002 COGNOS HU DEMO

Warning: Temporary licensing of PowerHouse Server products expires 15-DEC-2002.
Please contact your local Sales Administration office for a permanent license.

> 
> exec pd890z

Records selected:  6117
Records sorted:    6117
Records written:   102

> EXIT
Q T P   (PowerHouse  8.13.D)
Copyright 1998 COGNOS INCORPORATED
Licensed PH8-TEMPORARY for customer: 0712570002 COGNOS HU DEMO

Warning: Temporary licensing of PowerHouse Server products expires 15-DEC-2002.
Please contact your local Sales Administration office for a permanent license.

> 
> execute pd891t
02/12/06    20:09    newdict                                          PAGE   1

Run:     pd891t
Request: R_COUNT_ALL


Executing request R_COUNT_ALL ...

Compagnie.....:: 2000
Compagnie.....:: 

Records read:
  PDCOMMAN_INTERNE                     3,966

Transactions processed:                3,966

02/12/06    20:09    newdict                                          PAGE   1

Run:     pd891t
Request: R_COUNT_PRM


Executing request R_COUNT_PRM ...

Compagnie.....:: 2000
Compagnie.....:: 

The whole file will be chosen.

Records read:
  PDCOMMAN_INTERNE                     3,966

Transactions processed:                3,966

02/12/06    20:09    newdict                                          PAGE   1

Run:     pd891t
Request: R_PLANIF_DEL_0


Request R_PLANIF_DEL_0 condition is true--executing request.

Executing request R_PLANIF_DEL_0 ...

Records read:
  PDPLANIFICATION                        255

Transactions processed:                  255

Records processed:                     Added    Updated  Unchanged    Deleted
  PDPLANIFICATION                          0          0          0        255

02/12/06    20:09    newdict                                          PAGE   1

Run:     pd891t
Request: R_PDPRIORITE


Executing request R_PDPRIORITE ...

Compagnie.....:: 2000
Compagnie.....:: 

The whole file will be chosen.

The whole file will be chosen.

Records read:
  PDPRIORITE                           4,838

Transactions processed:                4,838

Records processed:                     Added    Updated  Unchanged    Deleted
  YPDPRIORITE                          4,838          0          0          0

02/12/06    20:09    newdict                                          PAGE   1

Run:     pd891t
Request: R_PDDIAGRAMME


Executing request R_PDDIAGRAMME ...

Compagnie.....:: 2000
Compagnie.....:: 

The whole file will be chosen.

The whole file will be chosen.

The whole file will be chosen.

Records read:
  PDDIAGRAMME                         94,574

Transactions processed:               94,574

Records processed:                     Added    Updated  Unchanged    Deleted
  YPDDIAGRAMME                        94,574          0          0          0

02/12/06    20:09    newdict                                          PAGE   1

Run:     pd891t
Request: R_VDIAQTEAUT


Executing request R_VDIAQTEAUT ...

Compagnie.....:: 2000
Compagnie.....:: 

The whole file will be chosen.

The whole file will be chosen.

The whole file will be chosen.

Records read:
  VDIAQTEAUT                          94,574

Transactions processed:               94,574

Records processed:                     Added    Updated  Unchanged    Deleted
  YVDIAQTEAUT                         94,574          0          0          0

02/12/06    20:10    newdict                                          PAGE   1

Run:     pd891t
Request: R_PDCOMMAN_INTERNE


Executing request R_PDCOMMAN_INTERNE ...

Compagnie.....:: 2000
Compagnie.....:: 

The whole file will be chosen.

The whole file will be chosen.

Records read:
  PDCOMMAN_INTERNE                     3,966

Transactions processed:                  203

Records processed:                     Added    Updated  Unchanged    Deleted
  YPDCOMMAN_INTERNE                      203          0          0          0

02/12/06    20:10    newdict                                          PAGE   1

Run:     pd891t
Request: R_PDDETAIL_C_I_CUM


Executing request R_PDDETAIL_C_I_CUM ...

Compagnie.....:: 2000
Compagnie.....:: 

The whole file will be chosen.

The whole file will be chosen.

Records read:
  PDDETAIL_C_I                        14,344

Transactions processed:               14,344

Records processed:                     Added    Updated  Unchanged    Deleted
  YPDDETAIL_C_I                        4,069          0          0          0

02/12/06    20:10    newdict                                          PAGE   1

Run:     pd891t
Request: R_QTE_A_FINIR


Executing request R_QTE_A_FINIR ...

Compagnie.....:: 2000
Compagnie.....:: 

The whole file will be chosen.

The whole file will be chosen.

The whole file will be chosen.

The whole file will be chosen.

Records read:
  PDPRIORITE_DIAG                    137,591
  YPDPRIORITE                        125,606
  YPDDIAGRAMME                       125,585
  YVDIAQTEAUT                          2,020
  YPDCOMMAN_INTERNE                      751
  PDUNI_TRAV_DIA                       1,305

Transactions processed:                1,349

Records processed:                     Added    Updated  Unchanged    Deleted
  WPD891_635Z                            134          0          0          0

02/12/06    20:11    newdict                                          PAGE   1

Run:     pd891t
Request: R_TRANCHE_DONNE


Executing request R_TRANCHE_DONNE ...

Compagnie.....:: 2000
Compagnie.....:: 

The whole file will be chosen.

Records read:
  PDCOMMAN_INTERNE                       203
  PDDETAIL_C_I                           213
  PDEMBAL_TRANCHE                      2,113
  PDLIVRE_CAISSON                      1,941

Transactions processed:                2,173

Records processed:                     Added    Updated  Unchanged    Deleted
  WPD661-TRANCHE                       2,173          0          0          0

02/12/06    20:11    newdict                                          PAGE   1

Run:     pd891t
Request: R_TRANCHE_QUANTITE


Executing request R_TRANCHE_QUANTITE ...

Records read:
  WPD661-TRANCHE                       2,173

Transactions processed:                2,173

Records processed:                     Added    Updated  Unchanged    Deleted
  WPD661-TRANCHE                           0      2,113         60          0

02/12/06    20:11    newdict                                          PAGE   1

Run:     pd891t
Request: R_TRANCHE_DIFFERENCE


Executing request R_TRANCHE_DIFFERENCE ...

Records read:
  WPD661-TRANCHE                       2,173

Transactions processed:                2,173

Records processed:                     Added    Updated  Unchanged    Deleted
  WPD661-TRANCHE                           0        140         73          0

02/12/06    20:11    newdict                                          PAGE   1

Run:     pd891t
Request: R_TRANCHE_LIG


Executing request R_TRANCHE_LIG ...

Records read:
  WPD661-TRANCHE                       2,173

Transactions processed:                2,173

Records processed:                     Added    Updated  Unchanged    Deleted
  WPD891_661                              18          0          0          0

02/12/06    20:11    newdict                                          PAGE   1

Run:     pd891t
Request: R_PLANIF_BACK


Executing request R_PLANIF_BACK ...

Records read:
  PDPLANIFICATION                          0
  YPDCOMMAN_INTERNE                        0

Transactions processed:                    0

Records processed:                     Added    Updated  Unchanged    Deleted
  WPDPLANIFICATION                         0          0          0          0

02/12/06    20:11    newdict                                          PAGE   1

Run:     pd891t
Request: R_PLANIF_DEL_1


Executing request R_PLANIF_DEL_1 ...

Records read:
  PDPLANIFICATION                          0

Transactions processed:                    0

Records processed:                     Added    Updated  Unchanged    Deleted
  PDPLANIFICATION                          0          0          0          0

02/12/06    20:11    newdict                                          PAGE   1

Run:     pd891t
Request: R_PLANIF_ADD


Executing request R_PLANIF_ADD ...

Records read:
  WPD891_635Z                            134
  PDUNITE_TRAVAIL                        117

Transactions processed:                  117

Records processed:                     Added    Updated  Unchanged    Deleted
  PDPLANIFICATION                        117          0          0          0

02/12/06    20:11    newdict                                          PAGE   1

Run:     pd891t
Request: R_PLANIF_ADD_UPDATE_01


Executing request R_PLANIF_ADD_UPDATE_01 ...

Records read:
  WPD888_625Z                            103
  PDPLANIFICATION                        117

Transactions processed:                  191

Records processed:                     Added    Updated  Unchanged    Deleted
  PDPLANIFICATION                         74        111          6          0

02/12/06    20:11    newdict                                          PAGE   1

Run:     pd891t
Request: R_PLANIF_ADD_UPDATE_02


Executing request R_PLANIF_ADD_UPDATE_02 ...

Records read:
  WPD889_640ZB                           102
  PDPLANIFICATION                        190

Transactions processed:                  190

Records processed:                     Added    Updated  Unchanged    Deleted
  PDPLANIFICATION                          0         85        105          0

02/12/06    20:11    newdict                                          PAGE   1

Run:     pd891t
Request: R_PLANIF_ADD_UPDATE_03


Executing request R_PLANIF_ADD_UPDATE_03 ...

Records read:
  WPD890_656ZA                           102
  PDPLANIFICATION                        190

Transactions processed:                  190

Records processed:                     Added    Updated  Unchanged    Deleted
  PDPLANIFICATION                          0        128         62          0

02/12/06    20:11    newdict                                          PAGE   1

Run:     pd891t
Request: R_PLANIF_ADD_UPDATE_04


Executing request R_PLANIF_ADD_UPDATE_04 ...

Records read:
  WPD891_661                              18
  PDPLANIFICATION                          1

Transactions processed:                   18

Records processed:                     Added    Updated  Unchanged    Deleted
  PDPLANIFICATION                         17          1          0          0

02/12/06    20:11    newdict                                          PAGE   1

Run:     pd891t
Request: R_PLANIF_ADD_UPDATE_05


Executing request R_PLANIF_ADD_UPDATE_05 ...

Records read:
  YPDCOMMAN_INTERNE                      203
  PDPLANIFICATION                        208
  MCCOMPAGNIE                              1
  VCLC_CLI                               352
  PDPRIORITE                             350

Transactions processed:                  352

Records processed:                     Added    Updated  Unchanged    Deleted
  PDPLANIFICATION                        146        206          0          0

02/12/06    20:12    newdict                                          PAGE   1

Run:     pd891t
Request: R_PLANIF_UPDATE_02


Executing request R_PLANIF_UPDATE_02 ...

Compagnie.....:: 2000
Compagnie.....:: 

The whole file will be chosen.

The whole file will be chosen.

Records read:
  PDPLANIFICATION                        354
  YPDDETAIL_C_I                          208
  YPDPRIORITE                            190

Transactions processed:                  354

Records processed:                     Added    Updated  Unchanged    Deleted
  PDPLANIFICATION                          0        208        146          0

02/12/06    20:12    newdict                                          PAGE   1

Run:     pd891t
Request: R_PLANIF_TRANSFERT


Executing request R_PLANIF_TRANSFERT ...

Compagnie.....:: 2000
Compagnie.....:: 

The whole file will be chosen.

The whole file will be chosen.

The whole file will be chosen.

Records read:
  PDPLANIFICATION                        354
  YPDDETAIL_C_I                          208
  A_DCI                                   61

Transactions processed:                  225

Records processed:                     Added    Updated  Unchanged    Deleted
  YPDPLANIFICATION                       225          0          0          0

02/12/06    20:12    newdict                                          PAGE   1

Run:     pd891t
Request: R_PLANIF_DEL_2


Executing request R_PLANIF_DEL_2 ...

Records read:
  PDPLANIFICATION                        354

Transactions processed:                  354

Records processed:                     Added    Updated  Unchanged    Deleted
  PDPLANIFICATION                          0          0          0        354

02/12/06    20:12    newdict                                          PAGE   1

Run:     pd891t
Request: R_PLANIF_ADD


Executing request R_PLANIF_ADD ...

Records read:
  WPDPLANIFICATION                         0

Transactions processed:                    0

Records processed:                     Added    Updated  Unchanged    Deleted
  YPDPLANIFICATION                         0          0          0          0

02/12/06    20:12    newdict                                          PAGE   1

Run:     pd891t
Request: R_PLANIF_INDEX


Executing request R_PLANIF_INDEX ...

Records read:
  YPDPLANIFICATION                       225

Transactions processed:                  223

Records processed:                     Added    Updated  Unchanged    Deleted
  ZPDPLANIFICATION                       223          0          0          0

02/12/06    20:12    newdict                                          PAGE   1

Run:     pd891t
Request: R_PLANIF_OUTPUT


Executing request R_PLANIF_OUTPUT ...

Records read:
  ZPDPLANIFICATION                       223

Transactions processed:                  223

Records processed:                     Added    Updated  Unchanged    Deleted
  PDPLANIFICATION                        223          0          0          0

Finished.
> EXIT
--------------------------------------------------------------------------------
Fin de la job pd888 *** Rapport de planification ***
Fri Dec  6 20:12:06 EST 2002
