/ >mailx
mailx version 5.0 Tue Jul 15 21:29:48 PDT 1997  Type ? for help.
"/var/mail/root": 2 messages 2 new
>N  1 Super-User         Tue May 16 22:12   41/1481  Output from "cron" comman
 N  2 Super-User         Wed May 17 03:37   23/567   Output from "cron" comman
? 1
Message  1:
From root Tue May 16 22:12:06 2000
Date: Tue, 16 May 2000 22:12:06 -0400 (EDT)
From: Super-User <root>
To: root
Subject: Output from "cron" command

Your "cron" job on topaz
/com/backup

produced the following output:

  DUMP: Writing 32 Kilobyte records
  DUMP: Date of this level 0 dump: Tue May 16 22:00:03 2000
  DUMP: Date of last level 0 dump: the epoch
  DUMP: Dumping /dev/md/rdsk/d4 (topaz:/) to /dev/rmt/0cn.
  DUMP: Mapping (Pass I) [regular files]
  DUMP: Mapping (Pass II) [directories]
  DUMP: Estimated 3553634 blocks (1735.17MB).
  DUMP: Dumping (Pass III) [directories]
  DUMP: Dumping (Pass IV) [regular files]
  DUMP: 3553598 blocks (1735.16MB) on 1 volume at 3343 KB/sec
  DUMP: DUMP IS DONE
  DUMP: Level 0 dump on Tue May 16 22:00:03 2000
  DUMP: Writing 32 Kilobyte records
  DUMP: Date of this level 0 dump: Tue May 16 22:09:02 2000
  DUMP: Date of last level 0 dump: the epoch
  DUMP: Dumping /dev/rdsk/c2t5d0s0 (topaz:/gra) to /dev/rmt/0cn.
  DUMP: Mapping (Pass I) [regular files]
  DUMP: Mapping (Pass II) [directories]
  DUMP: Estimated 9019690 blocks (4404.15MB).
  DUMP: Dumping (Pass III) [directories]
  DUMP: Write error 0 feet into tape 1
  DUMP: NEEDS ATTENTION: Do you want to restart?: ("yes" or "no")   DUMP: The ENTIRE dump is aborted.


? 
? quit
/ >
